{"D:\\WEB DEVLOPMENT\\Backend Dev\\Twitter_Project\\src\\configs\\serverConfig.js": {"path":"D:\\WEB DEVLOPMENT\\Backend Dev\\Twitter_Project\\src\\configs\\serverConfig.js","statementMap":{"0":{"start":{"line":3,"column":0},"end":{"line":3,"column":16}},"1":{"start":{"line":4,"column":13},"end":{"line":4,"column":29}},"2":{"start":{"line":5,"column":18},"end":{"line":5,"column":39}},"3":{"start":{"line":6,"column":18},"end":{"line":6,"column":39}},"4":{"start":{"line":7,"column":19},"end":{"line":7,"column":41}},"5":{"start":{"line":8,"column":30},"end":{"line":8,"column":63}},"6":{"start":{"line":9,"column":26},"end":{"line":9,"column":55}},"7":{"start":{"line":10,"column":20},"end":{"line":10,"column":43}}},"fnMap":{},"branchMap":{},"s":{"0":1,"1":1,"2":1,"3":1,"4":1,"5":1,"6":1,"7":1},"f":{},"b":{},"_coverageSchema":"1a1c01bbd47fc00a2c39e90264f33305004495a9","hash":"74b3464a882f5cc3ff125df12ed83eeaf6633101"}
,"D:\\WEB DEVLOPMENT\\Backend Dev\\Twitter_Project\\src\\models\\comment.js": {"path":"D:\\WEB DEVLOPMENT\\Backend Dev\\Twitter_Project\\src\\models\\comment.js","statementMap":{"0":{"start":{"line":3,"column":22},"end":{"line":35,"column":24}},"1":{"start":{"line":37,"column":16},"end":{"line":37,"column":56}}},"fnMap":{},"branchMap":{},"s":{"0":1,"1":1},"f":{},"b":{},"_coverageSchema":"1a1c01bbd47fc00a2c39e90264f33305004495a9","hash":"491226abf2519b38a460befb356b2106b12fd33a"}
,"D:\\WEB DEVLOPMENT\\Backend Dev\\Twitter_Project\\src\\models\\hashtag.js": {"path":"D:\\WEB DEVLOPMENT\\Backend Dev\\Twitter_Project\\src\\models\\hashtag.js","statementMap":{"0":{"start":{"line":3,"column":18},"end":{"line":15,"column":23}},"1":{"start":{"line":17,"column":16},"end":{"line":17,"column":52}}},"fnMap":{},"branchMap":{},"s":{"0":1,"1":1},"f":{},"b":{},"_coverageSchema":"1a1c01bbd47fc00a2c39e90264f33305004495a9","hash":"1c39304d05d56fc79c464251fe3e5c1f7dd231d0"}
,"D:\\WEB DEVLOPMENT\\Backend Dev\\Twitter_Project\\src\\models\\like.js": {"path":"D:\\WEB DEVLOPMENT\\Backend Dev\\Twitter_Project\\src\\models\\like.js","statementMap":{"0":{"start":{"line":3,"column":19},"end":{"line":20,"column":24}},"1":{"start":{"line":22,"column":13},"end":{"line":22,"column":47}}},"fnMap":{},"branchMap":{},"s":{"0":1,"1":1},"f":{},"b":{},"_coverageSchema":"1a1c01bbd47fc00a2c39e90264f33305004495a9","hash":"02ab219066325f008767344ab62d62b3bccdc230"}
,"D:\\WEB DEVLOPMENT\\Backend Dev\\Twitter_Project\\src\\models\\tweet.js": {"path":"D:\\WEB DEVLOPMENT\\Backend Dev\\Twitter_Project\\src\\models\\tweet.js","statementMap":{"0":{"start":{"line":3,"column":20},"end":{"line":24,"column":24}},"1":{"start":{"line":28,"column":14},"end":{"line":28,"column":50}}},"fnMap":{},"branchMap":{},"s":{"0":2,"1":2},"f":{},"b":{},"_coverageSchema":"1a1c01bbd47fc00a2c39e90264f33305004495a9","hash":"844a9b74d5453e8e524e827e38bb06987ade2fee"}
,"D:\\WEB DEVLOPMENT\\Backend Dev\\Twitter_Project\\src\\models\\user.js": {"path":"D:\\WEB DEVLOPMENT\\Backend Dev\\Twitter_Project\\src\\models\\user.js","statementMap":{"0":{"start":{"line":6,"column":19},"end":{"line":21,"column":2}},"1":{"start":{"line":23,"column":0},"end":{"line":28,"column":3}},"2":{"start":{"line":24,"column":17},"end":{"line":24,"column":21}},"3":{"start":{"line":25,"column":17},"end":{"line":25,"column":39}},"4":{"start":{"line":26,"column":30},"end":{"line":26,"column":66}},"5":{"start":{"line":27,"column":4},"end":{"line":27,"column":38}},"6":{"start":{"line":30,"column":0},"end":{"line":32,"column":1}},"7":{"start":{"line":31,"column":4},"end":{"line":31,"column":68}},"8":{"start":{"line":34,"column":0},"end":{"line":37,"column":1}},"9":{"start":{"line":35,"column":18},"end":{"line":35,"column":63}},"10":{"start":{"line":36,"column":4},"end":{"line":36,"column":17}},"11":{"start":{"line":40,"column":13},"end":{"line":40,"column":47}}},"fnMap":{"0":{"name":"(anonymous_0)","decl":{"start":{"line":23,"column":23},"end":{"line":23,"column":24}},"loc":{"start":{"line":23,"column":35},"end":{"line":28,"column":1}},"line":23},"1":{"name":"(anonymous_1)","decl":{"start":{"line":30,"column":35},"end":{"line":30,"column":36}},"loc":{"start":{"line":30,"column":83},"end":{"line":32,"column":1}},"line":30},"2":{"name":"(anonymous_2)","decl":{"start":{"line":34,"column":28},"end":{"line":34,"column":29}},"loc":{"start":{"line":34,"column":44},"end":{"line":37,"column":1}},"line":34}},"branchMap":{},"s":{"0":1,"1":1,"2":0,"3":0,"4":0,"5":0,"6":1,"7":0,"8":1,"9":0,"10":0,"11":1},"f":{"0":0,"1":0,"2":0},"b":{},"_coverageSchema":"1a1c01bbd47fc00a2c39e90264f33305004495a9","hash":"56fbd43687631250779e2825908ebd11754cbdb7"}
,"D:\\WEB DEVLOPMENT\\Backend Dev\\Twitter_Project\\src\\repository\\comment-repository.js": {"path":"D:\\WEB DEVLOPMENT\\Backend Dev\\Twitter_Project\\src\\repository\\comment-repository.js","statementMap":{"0":{"start":{"line":6,"column":8},"end":{"line":6,"column":23}}},"fnMap":{"0":{"name":"(anonymous_0)","decl":{"start":{"line":5,"column":4},"end":{"line":5,"column":5}},"loc":{"start":{"line":5,"column":18},"end":{"line":7,"column":5}},"line":5}},"branchMap":{},"s":{"0":0},"f":{"0":0},"b":{},"_coverageSchema":"1a1c01bbd47fc00a2c39e90264f33305004495a9","hash":"1fe4feab8a5ddc977ae60d140c6f04c64053dc88"}
,"D:\\WEB DEVLOPMENT\\Backend Dev\\Twitter_Project\\src\\repository\\crud-repository.js": {"path":"D:\\WEB DEVLOPMENT\\Backend Dev\\Twitter_Project\\src\\repository\\crud-repository.js","statementMap":{"0":{"start":{"line":3,"column":8},"end":{"line":3,"column":27}},"1":{"start":{"line":7,"column":8},"end":{"line":13,"column":9}},"2":{"start":{"line":8,"column":29},"end":{"line":8,"column":58}},"3":{"start":{"line":9,"column":12},"end":{"line":9,"column":28}},"4":{"start":{"line":11,"column":12},"end":{"line":11,"column":71}},"5":{"start":{"line":12,"column":12},"end":{"line":12,"column":24}},"6":{"start":{"line":17,"column":8},"end":{"line":23,"column":9}},"7":{"start":{"line":18,"column":29},"end":{"line":18,"column":67}},"8":{"start":{"line":19,"column":12},"end":{"line":19,"column":28}},"9":{"start":{"line":21,"column":12},"end":{"line":21,"column":71}},"10":{"start":{"line":22,"column":12},"end":{"line":22,"column":24}},"11":{"start":{"line":27,"column":8},"end":{"line":33,"column":9}},"12":{"start":{"line":28,"column":29},"end":{"line":28,"column":58}},"13":{"start":{"line":29,"column":12},"end":{"line":29,"column":28}},"14":{"start":{"line":31,"column":12},"end":{"line":31,"column":71}},"15":{"start":{"line":32,"column":12},"end":{"line":32,"column":24}},"16":{"start":{"line":37,"column":8},"end":{"line":43,"column":9}},"17":{"start":{"line":38,"column":29},"end":{"line":38,"column":88}},"18":{"start":{"line":39,"column":12},"end":{"line":39,"column":28}},"19":{"start":{"line":41,"column":12},"end":{"line":41,"column":71}},"20":{"start":{"line":42,"column":12},"end":{"line":42,"column":24}},"21":{"start":{"line":47,"column":8},"end":{"line":53,"column":9}},"22":{"start":{"line":48,"column":29},"end":{"line":48,"column":52}},"23":{"start":{"line":49,"column":12},"end":{"line":49,"column":28}},"24":{"start":{"line":51,"column":12},"end":{"line":51,"column":71}},"25":{"start":{"line":52,"column":12},"end":{"line":52,"column":24}}},"fnMap":{"0":{"name":"(anonymous_0)","decl":{"start":{"line":2,"column":4},"end":{"line":2,"column":5}},"loc":{"start":{"line":2,"column":23},"end":{"line":4,"column":5}},"line":2},"1":{"name":"(anonymous_1)","decl":{"start":{"line":6,"column":4},"end":{"line":6,"column":5}},"loc":{"start":{"line":6,"column":23},"end":{"line":14,"column":5}},"line":6},"2":{"name":"(anonymous_2)","decl":{"start":{"line":16,"column":4},"end":{"line":16,"column":5}},"loc":{"start":{"line":16,"column":22},"end":{"line":24,"column":5}},"line":16},"3":{"name":"(anonymous_3)","decl":{"start":{"line":26,"column":4},"end":{"line":26,"column":5}},"loc":{"start":{"line":26,"column":18},"end":{"line":34,"column":5}},"line":26},"4":{"name":"(anonymous_4)","decl":{"start":{"line":36,"column":4},"end":{"line":36,"column":5}},"loc":{"start":{"line":36,"column":26},"end":{"line":44,"column":5}},"line":36},"5":{"name":"(anonymous_5)","decl":{"start":{"line":46,"column":4},"end":{"line":46,"column":5}},"loc":{"start":{"line":46,"column":19},"end":{"line":54,"column":5}},"line":46}},"branchMap":{},"s":{"0":3,"1":2,"2":2,"3":2,"4":0,"5":0,"6":0,"7":0,"8":0,"9":0,"10":0,"11":0,"12":0,"13":0,"14":0,"15":0,"16":0,"17":0,"18":0,"19":0,"20":0,"21":0,"22":0,"23":0,"24":0,"25":0},"f":{"0":3,"1":2,"2":0,"3":0,"4":0,"5":0},"b":{},"_coverageSchema":"1a1c01bbd47fc00a2c39e90264f33305004495a9","hash":"f0ad69ad6e1835e1b3eb2dabe810002af99fd708"}
,"D:\\WEB DEVLOPMENT\\Backend Dev\\Twitter_Project\\src\\repository\\hashtag-repository.js": {"path":"D:\\WEB DEVLOPMENT\\Backend Dev\\Twitter_Project\\src\\repository\\hashtag-repository.js","statementMap":{"0":{"start":{"line":5,"column":8},"end":{"line":10,"column":9}},"1":{"start":{"line":6,"column":24},"end":{"line":6,"column":50}},"2":{"start":{"line":7,"column":12},"end":{"line":7,"column":23}},"3":{"start":{"line":9,"column":12},"end":{"line":9,"column":31}},"4":{"start":{"line":14,"column":8},"end":{"line":19,"column":9}},"5":{"start":{"line":15,"column":24},"end":{"line":15,"column":50}},"6":{"start":{"line":16,"column":12},"end":{"line":16,"column":23}},"7":{"start":{"line":18,"column":12},"end":{"line":18,"column":31}},"8":{"start":{"line":23,"column":8},"end":{"line":28,"column":9}},"9":{"start":{"line":24,"column":24},"end":{"line":24,"column":59}},"10":{"start":{"line":25,"column":12},"end":{"line":25,"column":23}},"11":{"start":{"line":27,"column":12},"end":{"line":27,"column":31}},"12":{"start":{"line":32,"column":8},"end":{"line":37,"column":9}},"13":{"start":{"line":33,"column":25},"end":{"line":33,"column":55}},"14":{"start":{"line":34,"column":12},"end":{"line":34,"column":24}},"15":{"start":{"line":36,"column":12},"end":{"line":36,"column":31}},"16":{"start":{"line":41,"column":8},"end":{"line":48,"column":9}},"17":{"start":{"line":42,"column":25},"end":{"line":44,"column":14}},"18":{"start":{"line":45,"column":12},"end":{"line":45,"column":24}},"19":{"start":{"line":47,"column":12},"end":{"line":47,"column":31}}},"fnMap":{"0":{"name":"(anonymous_0)","decl":{"start":{"line":4,"column":4},"end":{"line":4,"column":5}},"loc":{"start":{"line":4,"column":23},"end":{"line":11,"column":5}},"line":4},"1":{"name":"(anonymous_1)","decl":{"start":{"line":13,"column":4},"end":{"line":13,"column":5}},"loc":{"start":{"line":13,"column":18},"end":{"line":20,"column":5}},"line":13},"2":{"name":"(anonymous_2)","decl":{"start":{"line":22,"column":4},"end":{"line":22,"column":5}},"loc":{"start":{"line":22,"column":22},"end":{"line":29,"column":5}},"line":22},"3":{"name":"(anonymous_3)","decl":{"start":{"line":31,"column":4},"end":{"line":31,"column":5}},"loc":{"start":{"line":31,"column":27},"end":{"line":38,"column":5}},"line":31},"4":{"name":"(anonymous_4)","decl":{"start":{"line":40,"column":4},"end":{"line":40,"column":5}},"loc":{"start":{"line":40,"column":32},"end":{"line":49,"column":5}},"line":40}},"branchMap":{},"s":{"0":0,"1":0,"2":0,"3":0,"4":0,"5":0,"6":0,"7":0,"8":0,"9":0,"10":0,"11":0,"12":0,"13":0,"14":0,"15":0,"16":0,"17":0,"18":0,"19":0},"f":{"0":0,"1":0,"2":0,"3":0,"4":0},"b":{},"_coverageSchema":"1a1c01bbd47fc00a2c39e90264f33305004495a9","hash":"a39f4b343300b279d24b6ab4508fe4935f2fb2d3"}
,"D:\\WEB DEVLOPMENT\\Backend Dev\\Twitter_Project\\src\\repository\\index.js": {"path":"D:\\WEB DEVLOPMENT\\Backend Dev\\Twitter_Project\\src\\repository\\index.js","statementMap":{},"fnMap":{},"branchMap":{},"s":{},"f":{},"b":{},"_coverageSchema":"1a1c01bbd47fc00a2c39e90264f33305004495a9","hash":"efb71ca06d9a78898193e117562ce8e1eb8a5f93"}
,"D:\\WEB DEVLOPMENT\\Backend Dev\\Twitter_Project\\src\\repository\\like-repository.js": {"path":"D:\\WEB DEVLOPMENT\\Backend Dev\\Twitter_Project\\src\\repository\\like-repository.js","statementMap":{"0":{"start":{"line":6,"column":8},"end":{"line":6,"column":20}},"1":{"start":{"line":9,"column":8},"end":{"line":15,"column":9}},"2":{"start":{"line":10,"column":25},"end":{"line":10,"column":49}},"3":{"start":{"line":11,"column":12},"end":{"line":11,"column":24}},"4":{"start":{"line":13,"column":12},"end":{"line":13,"column":31}},"5":{"start":{"line":14,"column":12},"end":{"line":14,"column":24}}},"fnMap":{"0":{"name":"(anonymous_0)","decl":{"start":{"line":5,"column":4},"end":{"line":5,"column":5}},"loc":{"start":{"line":5,"column":18},"end":{"line":7,"column":5}},"line":5},"1":{"name":"(anonymous_1)","decl":{"start":{"line":8,"column":4},"end":{"line":8,"column":5}},"loc":{"start":{"line":8,"column":33},"end":{"line":16,"column":5}},"line":8}},"branchMap":{},"s":{"0":0,"1":0,"2":0,"3":0,"4":0,"5":0},"f":{"0":0,"1":0},"b":{},"_coverageSchema":"1a1c01bbd47fc00a2c39e90264f33305004495a9","hash":"dbc8167b6ff9861cb9e025f21175dda28c392654"}
,"D:\\WEB DEVLOPMENT\\Backend Dev\\Twitter_Project\\src\\repository\\tweet-repository.js": {"path":"D:\\WEB DEVLOPMENT\\Backend Dev\\Twitter_Project\\src\\repository\\tweet-repository.js","statementMap":{"0":{"start":{"line":5,"column":8},"end":{"line":5,"column":21}},"1":{"start":{"line":10,"column":8},"end":{"line":21,"column":9}},"2":{"start":{"line":12,"column":26},"end":{"line":17,"column":21}},"3":{"start":{"line":18,"column":12},"end":{"line":18,"column":25}},"4":{"start":{"line":20,"column":12},"end":{"line":20,"column":31}},"5":{"start":{"line":25,"column":8},"end":{"line":30,"column":9}},"6":{"start":{"line":26,"column":26},"end":{"line":26,"column":70}},"7":{"start":{"line":27,"column":12},"end":{"line":27,"column":25}},"8":{"start":{"line":29,"column":12},"end":{"line":29,"column":31}},"9":{"start":{"line":34,"column":8},"end":{"line":41,"column":9}},"10":{"start":{"line":37,"column":26},"end":{"line":37,"column":75}},"11":{"start":{"line":38,"column":12},"end":{"line":38,"column":25}},"12":{"start":{"line":40,"column":12},"end":{"line":40,"column":31}}},"fnMap":{"0":{"name":"(anonymous_0)","decl":{"start":{"line":4,"column":4},"end":{"line":4,"column":5}},"loc":{"start":{"line":4,"column":18},"end":{"line":6,"column":5}},"line":4},"1":{"name":"(anonymous_1)","decl":{"start":{"line":8,"column":4},"end":{"line":8,"column":5}},"loc":{"start":{"line":9,"column":4},"end":{"line":22,"column":5}},"line":9},"2":{"name":"(anonymous_2)","decl":{"start":{"line":24,"column":4},"end":{"line":24,"column":5}},"loc":{"start":{"line":24,"column":31},"end":{"line":31,"column":5}},"line":24},"3":{"name":"(anonymous_3)","decl":{"start":{"line":33,"column":4},"end":{"line":33,"column":5}},"loc":{"start":{"line":33,"column":19},"end":{"line":42,"column":5}},"line":33}},"branchMap":{},"s":{"0":3,"1":0,"2":0,"3":0,"4":0,"5":1,"6":1,"7":1,"8":0,"9":0,"10":0,"11":0,"12":0},"f":{"0":3,"1":0,"2":1,"3":0},"b":{},"_coverageSchema":"1a1c01bbd47fc00a2c39e90264f33305004495a9","hash":"2e137edd2839bb2a69adbaf492dde876d55fee5e"}
,"D:\\WEB DEVLOPMENT\\Backend Dev\\Twitter_Project\\src\\repository\\user-repository.js": {"path":"D:\\WEB DEVLOPMENT\\Backend Dev\\Twitter_Project\\src\\repository\\user-repository.js","statementMap":{"0":{"start":{"line":6,"column":8},"end":{"line":6,"column":20}},"1":{"start":{"line":9,"column":8},"end":{"line":15,"column":9}},"2":{"start":{"line":10,"column":29},"end":{"line":10,"column":53}},"3":{"start":{"line":11,"column":12},"end":{"line":11,"column":28}},"4":{"start":{"line":13,"column":12},"end":{"line":13,"column":31}},"5":{"start":{"line":14,"column":12},"end":{"line":14,"column":24}}},"fnMap":{"0":{"name":"(anonymous_0)","decl":{"start":{"line":5,"column":4},"end":{"line":5,"column":5}},"loc":{"start":{"line":5,"column":18},"end":{"line":7,"column":5}},"line":5},"1":{"name":"(anonymous_1)","decl":{"start":{"line":8,"column":4},"end":{"line":8,"column":5}},"loc":{"start":{"line":8,"column":23},"end":{"line":16,"column":5}},"line":8}},"branchMap":{},"s":{"0":0,"1":0,"2":0,"3":0,"4":0,"5":0},"f":{"0":0,"1":0},"b":{},"_coverageSchema":"1a1c01bbd47fc00a2c39e90264f33305004495a9","hash":"dfee7ee169cc1498497bab9ce3798863b71d92c1"}
,"D:\\WEB DEVLOPMENT\\Backend Dev\\Twitter_Project\\src\\services\\user-service.js": {"path":"D:\\WEB DEVLOPMENT\\Backend Dev\\Twitter_Project\\src\\services\\user-service.js","statementMap":{"0":{"start":{"line":5,"column":8},"end":{"line":5,"column":51}},"1":{"start":{"line":9,"column":8},"end":{"line":15,"column":9}},"2":{"start":{"line":10,"column":25},"end":{"line":10,"column":57}},"3":{"start":{"line":11,"column":12},"end":{"line":11,"column":24}},"4":{"start":{"line":13,"column":12},"end":{"line":13,"column":31}},"5":{"start":{"line":14,"column":12},"end":{"line":14,"column":24}},"6":{"start":{"line":19,"column":8},"end":{"line":41,"column":9}},"7":{"start":{"line":20,"column":25},"end":{"line":20,"column":80}},"8":{"start":{"line":22,"column":12},"end":{"line":27,"column":13}},"9":{"start":{"line":23,"column":16},"end":{"line":26,"column":17}},"10":{"start":{"line":29,"column":12},"end":{"line":34,"column":13}},"11":{"start":{"line":30,"column":16},"end":{"line":33,"column":17}},"12":{"start":{"line":35,"column":26},"end":{"line":35,"column":73}},"13":{"start":{"line":37,"column":12},"end":{"line":37,"column":25}},"14":{"start":{"line":39,"column":12},"end":{"line":39,"column":31}},"15":{"start":{"line":40,"column":12},"end":{"line":40,"column":24}}},"fnMap":{"0":{"name":"(anonymous_0)","decl":{"start":{"line":4,"column":4},"end":{"line":4,"column":5}},"loc":{"start":{"line":4,"column":18},"end":{"line":6,"column":5}},"line":4},"1":{"name":"(anonymous_1)","decl":{"start":{"line":8,"column":4},"end":{"line":8,"column":5}},"loc":{"start":{"line":8,"column":23},"end":{"line":16,"column":5}},"line":8},"2":{"name":"(anonymous_2)","decl":{"start":{"line":18,"column":4},"end":{"line":18,"column":5}},"loc":{"start":{"line":18,"column":23},"end":{"line":42,"column":5}},"line":18}},"branchMap":{"0":{"loc":{"start":{"line":22,"column":12},"end":{"line":27,"column":13}},"type":"if","locations":[{"start":{"line":22,"column":12},"end":{"line":27,"column":13}},{"start":{},"end":{}}],"line":22},"1":{"loc":{"start":{"line":29,"column":12},"end":{"line":34,"column":13}},"type":"if","locations":[{"start":{"line":29,"column":12},"end":{"line":34,"column":13}},{"start":{},"end":{}}],"line":29}},"s":{"0":1,"1":1,"2":1,"3":1,"4":0,"5":0,"6":0,"7":0,"8":0,"9":0,"10":0,"11":0,"12":0,"13":0,"14":0,"15":0},"f":{"0":1,"1":1,"2":0},"b":{"0":[0,0],"1":[0,0]},"_coverageSchema":"1a1c01bbd47fc00a2c39e90264f33305004495a9","hash":"b63e271cfee77f8a8e6c7fc4bed1b6e5bb2f53d3"}
}
